0 info it worked if it ends with ok
1 verbose cli [ 'E:\\Program Files (x86)\\nodejs\\node.exe',
1 verbose cli   'E:\\Program Files (x86)\\nodejs\\node_modules\\npm\\bin\\npm-cli.js',
1 verbose cli   'start' ]
2 info using npm@2.14.20
3 info using node@v4.4.1
4 verbose stack Error: ENOENT: no such file or directory, open 'E:\Languages\Angular.js\chirp_mva\chirp_mva\app\package.json'
4 verbose stack     at Error (native)
5 verbose cwd E:\Languages\Angular.js\chirp_mva\chirp_mva\app
6 error Windows_NT 6.3.9600
7 error argv "E:\\Program Files (x86)\\nodejs\\node.exe" "E:\\Program Files (x86)\\nodejs\\node_modules\\npm\\bin\\npm-cli.js" "start"
8 error node v4.4.1
9 error npm  v2.14.20
10 error path E:\Languages\Angular.js\chirp_mva\chirp_mva\app\package.json
11 error code ENOENT
12 error errno -4058
13 error syscall open
14 error enoent ENOENT: no such file or directory, open 'E:\Languages\Angular.js\chirp_mva\chirp_mva\app\package.json'
14 error enoent This is most likely not a problem with npm itself
14 error enoent and is related to npm not being able to find a file.
15 verbose exit [ -4058, true ]
